[0629/124455.459:WARNING:backend_impl.cc(1616)] Messed up entry found.
[0629/124455.459:ERROR:backend_impl.cc(1041)] Critical error found -8
[0629/124456.125:WARNING:storage_block-inl.h(146)] Failed data load.
[0629/124456.125:WARNING:storage_block-inl.h(146)] Failed data load.
[0629/124456.125:WARNING:storage_block-inl.h(146)] Failed data load.
[0629/124456.126:WARNING:storage_block-inl.h(146)] Failed data load.
[0629/124456.126:WARNING:storage_block-inl.h(146)] Failed data load.
[0629/124456.127:ERROR:entry_impl.cc(998)] Failed to save user data
[0629/124456.127:ERROR:entry_impl.cc(998)] Failed to save user data
[0629/124652.194:ERROR:gpu_init.cc(426)] Passthrough is not supported, GL is disabled
[0629/132053.645:WARNING:used_ids.h(55)] Duplicate id found. Reassigning from 104 to 127
[0629/132053.645:WARNING:used_ids.h(55)] Duplicate id found. Reassigning from 102 to 125
[0629/132053.645:WARNING:used_ids.h(55)] Duplicate id found. Reassigning from 104 to 124
[0629/132053.645:WARNING:used_ids.h(55)] Duplicate id found. Reassigning from 106 to 123
[0629/132053.645:WARNING:used_ids.h(55)] Duplicate id found. Reassigning from 110 to 122
[0629/132053.645:WARNING:used_ids.h(55)] Duplicate id found. Reassigning from 103 to 121
[0629/132053.645:WARNING:used_ids.h(55)] Duplicate id found. Reassigning from 105 to 120
[0629/132053.645:WARNING:used_ids.h(55)] Duplicate id found. Reassigning from 111 to 119
[0629/132053.646:WARNING:used_ids.h(55)] Duplicate id found. Reassigning from 1 to 14
[0629/132053.646:WARNING:used_ids.h(55)] Duplicate id found. Reassigning from 3 to 13
[0629/132053.646:WARNING:used_ids.h(55)] Duplicate id found. Reassigning from 5 to 12
[0629/132053.646:WARNING:used_ids.h(55)] Duplicate id found. Reassigning from 6 to 11
[0629/132053.647:ERROR:audio_rtp_receiver.cc(88)] AudioRtpReceiver::OnSetVolume: No audio channel exists.
[0629/132108.345:ERROR:audio_rtp_receiver.cc(88)] AudioRtpReceiver::OnSetVolume: No audio channel exists.
[0629/132108.345:WARNING:used_ids.h(55)] Duplicate id found. Reassigning from 104 to 127
[0629/132108.345:WARNING:used_ids.h(55)] Duplicate id found. Reassigning from 102 to 125
[0629/132108.345:WARNING:used_ids.h(55)] Duplicate id found. Reassigning from 104 to 124
[0629/132108.345:WARNING:used_ids.h(55)] Duplicate id found. Reassigning from 106 to 123
[0629/132108.345:WARNING:used_ids.h(55)] Duplicate id found. Reassigning from 110 to 122
[0629/132108.345:WARNING:used_ids.h(55)] Duplicate id found. Reassigning from 103 to 121
[0629/132108.345:WARNING:used_ids.h(55)] Duplicate id found. Reassigning from 105 to 120
[0629/132108.345:WARNING:used_ids.h(55)] Duplicate id found. Reassigning from 111 to 119
[0629/132108.345:WARNING:used_ids.h(55)] Duplicate id found. Reassigning from 1 to 14
[0629/132108.345:WARNING:used_ids.h(55)] Duplicate id found. Reassigning from 3 to 13
[0629/132108.345:WARNING:used_ids.h(55)] Duplicate id found. Reassigning from 5 to 12
[0629/132108.345:WARNING:used_ids.h(55)] Duplicate id found. Reassigning from 6 to 11
