[+] Containers:
 |- [+] Container: /Game/FirstPerson/Maps/FirstPersonMap
 |   |- [+] ActorDescs:
 |   |   |- Guid:14F19EDD4A624457527914859B26C00B BaseClass:/Game/Blueprints/Actors/DeliveryBoxes.DeliveryBoxes_C NativeClass:/Script/Engine.Actor Name:DeliveryBoxes_C_UAID_B42E9937A9F3398F01_1216670202 Label:DeliveryBoxes3 SpatiallyLoaded:1 Bounds:IsValid=true, Min=(X=1970.749 Y=970.392 Z=113.314), Max=(X=2031.860 Y=1045.948 Z=152.203) RuntimeGrid:None EditorOnly:0 RuntimeOnly:0 HLODRelevant:0
 |   |   |- Guid:1572FA1F4C1C56AF391789895B2B1DE3 BaseClass: NativeClass:/Script/Engine.StaticMeshActor Name:StaticMeshActor_UAID_244BFE5C2532258E01_1193417629 Label:CardboardBox_LP9 SpatiallyLoaded:1 Bounds:IsValid=true, Min=(X=1002.214 Y=1544.637 Z=-1.064), Max=(X=1068.514 Y=1617.512 Z=47.742) RuntimeGrid:None EditorOnly:0 RuntimeOnly:0 HLODRelevant:1
 |   |   |- Guid:17DA96C24FEA0E2790004CAFB496C450 BaseClass: NativeClass:/Script/Engine.StaticMeshActor Name:StaticMeshActor_UAID_244BFE5C2532258E01_1165511626 Label:CardboardBox_LP6 SpatiallyLoaded:1 Bounds:IsValid=true, Min=(X=1119.531 Y=1649.840 Z=-1.064), Max=(X=1185.831 Y=1722.715 Z=47.742) RuntimeGrid:None EditorOnly:0 RuntimeOnly:0 HLODRelevant:1
 |   |   |- Guid:1F8B85F342F2186B5AD2298A73A88890 BaseClass: NativeClass:/Script/Engine.StaticMeshActor Name:StaticMeshActor_UAID_B42E9937A9F36B8F01_1294578011 Label:shelf4and_hafl2 SpatiallyLoaded:1 Bounds:IsValid=true, Min=(X=1216.014 Y=924.434 Z=-0.016), Max=(X=1344.891 Y=1023.086 Z=208.276) RuntimeGrid:None EditorOnly:0 RuntimeOnly:0 HLODRelevant:1
 |   |   |- Guid:21262252453B37957EF29F82ABA2413B BaseClass: NativeClass:/Script/Engine.TextRenderActor Name:TextRenderActor_1 Label:TextRenderActor SpatiallyLoaded:1 Bounds:IsValid=true, Min=(X=-0.100 Y=1100.000 Z=65.013), Max=(X=-0.100 Y=1803.846 Z=215.013) RuntimeGrid:None EditorOnly:0 RuntimeOnly:0 HLODRelevant:0
 |   |   |- Guid:2519BB6242F283A68B76378661BC27AE BaseClass: NativeClass:/Script/Engine.StaticMeshActor Name:StaticMeshActor_UAID_B42E9937A9F32A8F01_1554449559 Label:SM_Door SpatiallyLoaded:1 Bounds:IsValid=true, Min=(X=1542.841 Y=2562.933 Z=0.000), Max=(X=1632.757 Y=2568.763 Z=225.075) RuntimeGrid:None EditorOnly:0 RuntimeOnly:0 HLODRelevant:1
 |   |   |- Guid:259BB09F42514F7247054AB2A759D0E1 BaseClass: NativeClass:/Script/Engine.SkeletalMeshActor Name:SkeletalMeshActor_UAID_244BFE5C25321C8E01_1732367039 Label:hero7 SpatiallyLoaded:1 Bounds:IsValid=true, Min=(X=724.449 Y=198.258 Z=8.722), Max=(X=799.507 Y=275.053 Z=200.860) RuntimeGrid:None EditorOnly:0 RuntimeOnly:0 HLODRelevant:0
 |   |   |- Guid:2C326E854BE437F5F50565B7E0B05BA6 BaseClass:/Game/Blueprints/Actors/DeliveryBoxes.DeliveryBoxes_C NativeClass:/Script/Engine.Actor Name:DeliveryBoxes_C_UAID_B42E9937A9F3398F01_1217746203 Label:DeliveryBoxes4 SpatiallyLoaded:1 Bounds:IsValid=true, Min=(X=1970.749 Y=1103.633 Z=113.314), Max=(X=2031.860 Y=1179.188 Z=152.203) RuntimeGrid:None EditorOnly:0 RuntimeOnly:0 HLODRelevant:0
 |   |   |- Guid:2D194FCC47866AE8F5FA168F099DFCF4 BaseClass:/Game/Blueprints/Actors/ScannerBoxBlueprint.ScannerBoxBlueprint_C NativeClass:/Script/Engine.TriggerBox Name:TriggerBox_UAID_B42E9937A9F3D18F01_1553560961 Label:ScannerBoxBlueprint SpatiallyLoaded:1 Bounds:IsValid=true, Min=(X=364.734 Y=974.218 Z=101.616), Max=(X=416.825 Y=1011.424 Z=121.077) RuntimeGrid:None EditorOnly:0 RuntimeOnly:0 HLODRelevant:0 Parent:38B52F9F428E19C15C78F4ABB5628F25
 |   |   |- Guid:30910F3643F326F8C4F983A1BA532DB4 BaseClass: NativeClass:/Script/Engine.SkeletalMeshActor Name:SkeletalMeshActor_UAID_244BFE5C25323B8C01_1349299400 Label:Walking_With_Shopping_Bag_1_ SpatiallyLoaded:1 Bounds:IsValid=true, Min=(X=923.162 Y=535.682 Z=7.657), Max=(X=1015.014 Y=605.930 Z=176.534) RuntimeGrid:None EditorOnly:0 RuntimeOnly:0 HLODRelevant:0
 |   |   |- Guid:30CAB5E942F0354CEAF1E084A0D0D848 BaseClass: NativeClass:/Script/Engine.StaticMeshActor Name:StaticMeshActor_UAID_244BFE5C2532258E01_1158078623 Label:CardboardBox_LP3 SpatiallyLoaded:1 Bounds:IsValid=true, Min=(X=1293.550 Y=1519.757 Z=-1.064), Max=(X=1359.850 Y=1592.632 Z=47.742) RuntimeGrid:None EditorOnly:0 RuntimeOnly:0 HLODRelevant:1
 |   |   |- Guid:3265B59F49B0CA42B321689218768376 BaseClass: NativeClass:/Script/Engine.StaticMeshActor Name:StaticMeshActor_UAID_244BFE5C2532258E01_1194696630 Label:CardboardBox_LP10 SpatiallyLoaded:1 Bounds:IsValid=true, Min=(X=912.335 Y=1544.637 Z=-1.064), Max=(X=978.635 Y=1617.512 Z=47.742) RuntimeGrid:None EditorOnly:0 RuntimeOnly:0 HLODRelevant:1
 |   |   |- Guid:38B52F9F428E19C15C78F4ABB5628F25 BaseClass: NativeClass:/Script/Engine.StaticMeshActor Name:StaticMeshActor_UAID_B42E9937A9F3C98F01_1705995543 Label:SM_CheckoutCounter_01 SpatiallyLoaded:1 Bounds:IsValid=true, Min=(X=343.598 Y=856.058 Z=-0.000), Max=(X=471.051 Y=1086.682 Z=234.657) RuntimeGrid:None EditorOnly:0 RuntimeOnly:0 HLODRelevant:1
 |   |   |- Guid:3CA98522454AD7C715DFEEAD0AF16BB4 BaseClass: NativeClass:/Script/Engine.StaticMeshActor Name:StaticMeshActor_UAID_244BFE5C2532398C01_1521163039 Label:WOMAN_128_FINAL3 SpatiallyLoaded:1 Bounds:IsValid=true, Min=(X=1352.857 Y=219.918 Z=0.013), Max=(X=1452.947 Y=252.274 Z=177.611) RuntimeGrid:None EditorOnly:0 RuntimeOnly:0 HLODRelevant:1
 |   |   |- Guid:3E89511F4034FEEDB3578C9378FAA091 BaseClass: NativeClass:/Script/Engine.StaticMeshActor Name:StaticMeshActor_UAID_244BFE5C2532258E01_1189321628 Label:CardboardBox_LP8 SpatiallyLoaded:1 Bounds:IsValid=true, Min=(X=1096.448 Y=1544.637 Z=-1.064), Max=(X=1162.748 Y=1617.512 Z=47.742) RuntimeGrid:None EditorOnly:0 RuntimeOnly:0 HLODRelevant:1
 |   |   |- Guid:4720E31944CB2A40B95D8F83775C8556 BaseClass: NativeClass:/Script/Engine.StaticMeshActor Name:StaticMeshActor_UAID_B42E9937A9F36B8F01_1294581013 Label:SM_TCTea5_Stacked5 SpatiallyLoaded:1 Bounds:IsValid=true, Min=(X=1226.752 Y=956.547 Z=86.369), Max=(X=1328.626 Y=1008.814 Z=116.369) RuntimeGrid:None EditorOnly:0 RuntimeOnly:0 HLODRelevant:1 Parent:1F8B85F342F2186B5AD2298A73A88890
 |   |   |- Guid:484536784851989F88377B98C86E9731 BaseClass: NativeClass:/Script/Engine.SkeletalMeshActor Name:SkeletalMeshActor_UAID_244BFE5C2532398C01_1351050036 Label:hero6 SpatiallyLoaded:1 Bounds:IsValid=true, Min=(X=1145.334 Y=198.258 Z=8.722), Max=(X=1220.392 Y=275.053 Z=200.860) RuntimeGrid:None EditorOnly:0 RuntimeOnly:0 HLODRelevant:0
 |   |   |- Guid:4C3BDC944EA056B9CF5553B1814E2EF7 BaseClass: NativeClass:/Script/Engine.StaticMeshActor Name:StaticMeshActor_UAID_244BFE5C2532258E01_1287792634 Label:hero_-_fat SpatiallyLoaded:1 Bounds:IsValid=true, Min=(X=1390.980 Y=471.879 Z=0.067), Max=(X=1485.899 Y=507.361 Z=191.019) RuntimeGrid:None EditorOnly:0 RuntimeOnly:0 HLODRelevant:1
 |   |   |- Guid:4E7B03D240C8095A98E5708F41E1DDD8 BaseClass: NativeClass:/Script/Engine.StaticMeshActor Name:StaticMeshActor_15 Label:SM_Cube10 SpatiallyLoaded:1 Bounds:IsValid=true, Min=(X=2345.000 Y=1000.000 Z=100.000), Max=(X=2545.000 Y=1100.000 Z=200.000) RuntimeGrid:None EditorOnly:0 RuntimeOnly:0 HLODRelevant:1 FolderPath:Block01 FolderGuid:5710F1034B6DC7FBD588718E283EB93C
 |   |   |- Guid:50D8B6AC41E07FEFB2645B90E80AE4F3 BaseClass:/Game/Blueprints/Actors/DeliveryBoxes.DeliveryBoxes_C NativeClass:/Script/Engine.Actor Name:DeliveryBoxes_C_UAID_B42E9937A9F3358F01_2037448496 Label:DeliveryBoxes SpatiallyLoaded:1 Bounds:IsValid=true, Min=(X=1970.749 Y=700.183 Z=113.314), Max=(X=2031.860 Y=775.738 Z=152.203) RuntimeGrid:None EditorOnly:0 RuntimeOnly:0 HLODRelevant:0
 |   |   |- Guid:540E8C5E4191C186DAFA39989A42F977 BaseClass: NativeClass:/Script/Engine.StaticMeshActor Name:StaticMeshActor_13 Label:SM_Cube9 SpatiallyLoaded:1 Bounds:IsValid=true, Min=(X=2345.000 Y=400.000 Z=0.000), Max=(X=2545.000 Y=1100.000 Z=100.000) RuntimeGrid:None EditorOnly:0 RuntimeOnly:0 HLODRelevant:1 FolderPath:Block01 FolderGuid:5710F1034B6DC7FBD588718E283EB93C
 |   |   |- Guid:54561ABF48281D0901CC9398F0A7D613 BaseClass: NativeClass:/Script/Engine.StaticMeshActor Name:StaticMeshActor_UAID_244BFE5C2532258E01_1164058625 Label:CardboardBox_LP5 SpatiallyLoaded:1 Bounds:IsValid=true, Min=(X=1237.284 Y=1654.300 Z=-1.064), Max=(X=1303.584 Y=1727.175 Z=47.742) RuntimeGrid:None EditorOnly:0 RuntimeOnly:0 HLODRelevant:1
 |   |   |- Guid:547DF23D46FF6B2E29115B9C403A7044 BaseClass: NativeClass:/Script/Engine.SkeletalMeshActor Name:SkeletalMeshActor_UAID_244BFE5C2532398C01_1323383032 Label:hero2 SpatiallyLoaded:1 Bounds:IsValid=true, Min=(X=865.334 Y=198.258 Z=8.722), Max=(X=940.392 Y=275.053 Z=200.860) RuntimeGrid:None EditorOnly:0 RuntimeOnly:0 HLODRelevant:0
 |   |   |- Guid:573177074D0ADB4DA9A357AE2A5CADA8 BaseClass: NativeClass:/Script/Engine.StaticMeshActor Name:StaticMeshActor_49 Label:SM_ChamferCube14 SpatiallyLoaded:1 Bounds:IsValid=true, Min=(X=2480.411 Y=2302.371 Z=0.013), Max=(X=2580.411 Y=2402.371 Z=100.013) RuntimeGrid:None EditorOnly:0 RuntimeOnly:0 HLODRelevant:0 FolderPath:SimulatedCubes FolderGuid:9AEEADCB4DC6C647D6E7C0B4EDA1744F
 |   |   |- Guid:5B8911284D8A83037E7034B53731DEC0 BaseClass:/Game/Blueprints/Actors/MousePawn.MousePawn_C NativeClass:/Script/Engine.Pawn Name:CameraActor_UAID_B42E9937A9F3C98F01_1889108544 Label:MousePawn SpatiallyLoaded:1 Bounds:IsValid=true, Min=(X=442.854 Y=965.625 Z=209.813), Max=(X=442.854 Y=965.625 Z=209.813) RuntimeGrid:None EditorOnly:0 RuntimeOnly:0 HLODRelevant:0 Parent:38B52F9F428E19C15C78F4ABB5628F25
 |   |   |- Guid:5F5F61E8485626C2E11444A275E53585 BaseClass: NativeClass:/Script/Engine.StaticMeshActor Name:StaticMeshActor_6 Label:SM_Ramp2 SpatiallyLoaded:1 Bounds:IsValid=true, Min=(X=1945.000 Y=400.000 Z=0.000), Max=(X=2345.000 Y=600.000 Z=100.000) RuntimeGrid:None EditorOnly:0 RuntimeOnly:0 HLODRelevant:1 FolderPath:Block01 FolderGuid:5710F1034B6DC7FBD588718E283EB93C
 |   |   |- Guid:5FE7584649BB6F09265329A6C57CFD0D BaseClass: NativeClass:/Script/Engine.VolumetricCloud Name:VolumetricCloud_0 Label:VolumetricCloud SpatiallyLoaded:0 Bounds:IsValid=true, Min=(X=0.000 Y=0.000 Z=820.000), Max=(X=0.000 Y=0.000 Z=820.000) RuntimeGrid:None EditorOnly:0 RuntimeOnly:0 HLODRelevant:0 FolderPath:Lighting FolderGuid:0BA5F0A04EADB18E70D5B180D08FA34B
 |   |   |- Guid:603B05414DF534FBA22C8DA07D223A25 BaseClass: NativeClass:/Script/Engine.StaticMeshActor Name:StaticMeshActor_UAID_244BFE5C25321D8E01_1413510216 Label:WOMAN_128_FINAL5 SpatiallyLoaded:1 Bounds:IsValid=true, Min=(X=1424.382 Y=219.997 Z=0.013), Max=(X=1524.471 Y=252.354 Z=177.611) RuntimeGrid:None EditorOnly:0 RuntimeOnly:0 HLODRelevant:1
 |   |   |- Guid:61391D344900612A77DFC3BA3E354907 BaseClass: NativeClass:/Script/Engine.ExponentialHeightFog Name:ExponentialHeightFog_0 Label:ExponentialHeightFog SpatiallyLoaded:0 Bounds:IsValid=true, Min=(X=-5600.000 Y=-50.000 Z=-6850.000), Max=(X=-5600.000 Y=-50.000 Z=-6850.000) RuntimeGrid:None EditorOnly:0 RuntimeOnly:0 HLODRelevant:0 FolderPath:Lighting FolderGuid:0BA5F0A04EADB18E70D5B180D08FA34B
 |   |   |- Guid:61DDC7854821C1E234CEC391CEB3BFDF BaseClass: NativeClass:/Script/Engine.StaticMeshActor Name:StaticMeshActor_UAID_B42E9937A9F36B8F01_1294581014 Label:SM_TCTea5_Stacked6 SpatiallyLoaded:1 Bounds:IsValid=true, Min=(X=1227.957 Y=941.429 Z=140.612), Max=(X=1329.831 Y=993.695 Z=170.612) RuntimeGrid:None EditorOnly:0 RuntimeOnly:0 HLODRelevant:1 Parent:1F8B85F342F2186B5AD2298A73A88890
 |   |   |- Guid:6A311463478DFEAEADD61D81C2E83467 BaseClass:/Game/Blueprints/Actors/CollectionBoxBlueprint.CollectionBoxBlueprint_C NativeClass:/Script/Engine.TriggerBox Name:CollectionBoxBlueprint_C_UAID_B42E9937A9F3D28F01_1994208138 Label:CollectionBoxBlueprint SpatiallyLoaded:1 Bounds:IsValid=true, Min=(X=365.977 Y=1020.445 Z=93.465), Max=(X=461.721 Y=1073.968 Z=146.914) RuntimeGrid:None EditorOnly:0 RuntimeOnly:0 HLODRelevant:0 Parent:38B52F9F428E19C15C78F4ABB5628F25
 |   |   |- Guid:6FEFB3BD4EB37B849EF0D4AC80F83855 BaseClass: NativeClass:/Script/Engine.WorldDataLayers Name:WorldDataLayers Label:WorldDataLayers SpatiallyLoaded:0 Bounds:IsValid=true, Min=(X=0.000 Y=0.000 Z=0.000), Max=(X=0.000 Y=0.000 Z=0.000) RuntimeGrid:None EditorOnly:0 RuntimeOnly:0 HLODRelevant:0
 |   |   |- Guid:706DAEFA488837B72DCEB99BD42ACE50 BaseClass: NativeClass:/Script/Engine.StaticMeshActor Name:StaticMeshActor_UAID_244BFE5C2532258E01_1201576632 Label:CardboardBox_LP12 SpatiallyLoaded:1 Bounds:IsValid=true, Min=(X=989.289 Y=1649.173 Z=-1.064), Max=(X=1055.589 Y=1722.048 Z=47.742) RuntimeGrid:None EditorOnly:0 RuntimeOnly:0 HLODRelevant:1
 |   |   |- Guid:70FF19BA411C81139B6730BBD2785ADE BaseClass:/Game/Blueprints/Actors/SpawnItems.SpawnItems_C NativeClass:/Script/Engine.Actor Name:SpawnItems_C_UAID_B42E9937A9F3CC8F01_1746825080 Label:SpawnItems SpatiallyLoaded:1 Bounds:IsValid=true, Min=(X=388.878 Y=897.457 Z=148.419), Max=(X=388.878 Y=897.457 Z=148.419) RuntimeGrid:None EditorOnly:0 RuntimeOnly:0 HLODRelevant:0 Parent:5B8911284D8A83037E7034B53731DEC0
 |   |   |- Guid:71D706D643A02F65E30994AE2EAD631E BaseClass: NativeClass:/Script/Engine.SkeletalMeshActor Name:SkeletalMeshActor_UAID_244BFE5C2532398C01_1304297031 Label:hero SpatiallyLoaded:1 Bounds:IsValid=true, Min=(X=795.510 Y=198.258 Z=8.722), Max=(X=870.569 Y=275.053 Z=200.860) RuntimeGrid:None EditorOnly:0 RuntimeOnly:0 HLODRelevant:0
 |   |   |- Guid:764666EF4316C7851F06859A678454F2 BaseClass: NativeClass:/Script/Engine.StaticMeshActor Name:StaticMeshActor_46 Label:SM_ChamferCube12 SpatiallyLoaded:1 Bounds:IsValid=true, Min=(X=204.335 Y=3056.000 Z=0.013), Max=(X=345.218 Y=3196.884 Z=100.013) RuntimeGrid:None EditorOnly:0 RuntimeOnly:0 HLODRelevant:0 FolderPath:SimulatedCubes FolderGuid:9AEEADCB4DC6C647D6E7C0B4EDA1744F
 |   |   |- Guid:78CAF7514C7533F30BD2F19A017AAB65 BaseClass: NativeClass:/Script/Engine.StaticMeshActor Name:StaticMeshActor_0 Label:SM_Cube SpatiallyLoaded:1 Bounds:IsValid=true, Min=(X=0.176 Y=0.000 Z=-50.000), Max=(X=3000.176 Y=3500.000 Z=0.000) RuntimeGrid:None EditorOnly:0 RuntimeOnly:0 HLODRelevant:1 FolderPath:Playground FolderGuid:6C02BB504B69D1F3D7A624B130C18E5B
 |   |   |- Guid:83933E654776E064C8718FBACC04B4E3 BaseClass: NativeClass:/Script/Engine.SkeletalMeshActor Name:SkeletalMeshActor_UAID_244BFE5C2532398C01_1333062034 Label:hero4 SpatiallyLoaded:1 Bounds:IsValid=true, Min=(X=1249.086 Y=447.129 Z=8.722), Max=(X=1324.144 Y=523.923 Z=200.860) RuntimeGrid:None EditorOnly:0 RuntimeOnly:0 HLODRelevant:0
 |   |   |- Guid:84E7F18E420C02E18435CF8C95B08A35 BaseClass: NativeClass:/Script/Engine.StaticMeshActor Name:StaticMeshActor_UAID_B42E9937A9F3698F01_1918845655 Label:SM_TCTea5_Stacked SpatiallyLoaded:1 Bounds:IsValid=true, Min=(X=1041.524 Y=959.089 Z=32.577), Max=(X=1143.398 Y=1011.355 Z=62.577) RuntimeGrid:None EditorOnly:0 RuntimeOnly:0 HLODRelevant:1 Parent:E8E9F9C1446DB17389768FA415D4C860
 |   |   |- Guid:8790ADB94CD3D5B533203095DFC8AF56 BaseClass: NativeClass:/Script/Engine.StaticMeshActor Name:StaticMeshActor_UAID_244BFE5C2532398C01_1450277037 Label:WOMAN_128_FINAL SpatiallyLoaded:1 Bounds:IsValid=true, Min=(X=1212.857 Y=219.918 Z=0.013), Max=(X=1312.947 Y=252.274 Z=177.611) RuntimeGrid:None EditorOnly:0 RuntimeOnly:0 HLODRelevant:1
 |   |   |- Guid:8E9EA0F84D0FC901D6ABCF911C08AEE3 BaseClass: NativeClass:/Script/Engine.StaticMeshActor Name:StaticMeshActor_50 Label:SM_ChamferCube15 SpatiallyLoaded:1 Bounds:IsValid=true, Min=(X=2480.411 Y=2187.371 Z=0.013), Max=(X=2580.411 Y=2287.371 Z=100.013) RuntimeGrid:None EditorOnly:0 RuntimeOnly:0 HLODRelevant:0 FolderPath:SimulatedCubes FolderGuid:9AEEADCB4DC6C647D6E7C0B4EDA1744F
 |   |   |- Guid:8ECF31004E6CEF8D0E2704A1B5C4E2CE BaseClass:/Game/Blueprints/Actors/SpawnBoxes.SpawnBoxes_C NativeClass:/Script/Engine.Actor Name:SpawnBoxes_C_UAID_B42E9937A9F36C8F01_1937270191 Label:SpawnBoxes SpatiallyLoaded:1 Bounds:IsValid=true, Min=(X=1708.743 Y=1372.408 Z=255.562), Max=(X=1708.743 Y=1372.408 Z=255.562) RuntimeGrid:None EditorOnly:0 RuntimeOnly:0 HLODRelevant:0
 |   |   |- Guid:91C63FB14CD98AB7B8FBF4873FDE4B43 BaseClass: NativeClass:/Script/Engine.StaticMeshActor Name:StaticMeshActor_42 Label:SM_Ramp5 SpatiallyLoaded:1 Bounds:IsValid=true, Min=(X=1800.000 Y=1900.000 Z=0.000), Max=(X=2900.000 Y=2000.000 Z=200.000) RuntimeGrid:None EditorOnly:0 RuntimeOnly:0 HLODRelevant:1 FolderPath:Block02 FolderGuid:275232DB4A90E8B2799B29BD69C59B9E
 |   |   |- Guid:9657542848AE91946E0E5FAC89996DDC BaseClass: NativeClass:/Script/Engine.StaticMeshActor Name:StaticMeshActor_UAID_244BFE5C2532398C01_1526895040 Label:WOMAN_128_FINAL4 SpatiallyLoaded:1 Bounds:IsValid=true, Min=(X=1502.866 Y=219.918 Z=0.013), Max=(X=1602.955 Y=252.274 Z=177.611) RuntimeGrid:None EditorOnly:0 RuntimeOnly:0 HLODRelevant:1
 |   |   |- Guid:9708908D4BA2B90E646996A755AA24F3 BaseClass: NativeClass:/Script/Engine.SkeletalMeshActor Name:SkeletalMeshActor_UAID_244BFE5C25323B8C01_1499034401 Label:Walking_With_Shopping_Bag_2_ SpatiallyLoaded:1 Bounds:IsValid=true, Min=(X=1021.278 Y=521.534 Z=6.990), Max=(X=1097.739 Y=599.089 Z=199.069) RuntimeGrid:None EditorOnly:0 RuntimeOnly:0 HLODRelevant:0
 |   |   |- Guid:981AA27C4EE53F3D4400FBB1AF5EB251 BaseClass: NativeClass:/Script/Engine.StaticMeshActor Name:StaticMeshActor_UAID_244BFE5C2532398C01_1517842038 Label:WOMAN_128_FINAL2 SpatiallyLoaded:1 Bounds:IsValid=true, Min=(X=1282.857 Y=219.918 Z=0.013), Max=(X=1382.947 Y=252.274 Z=177.611) RuntimeGrid:None EditorOnly:0 RuntimeOnly:0 HLODRelevant:1
 |   |   |- Guid:9935CB074C16C64AF447FB86D8337B66 BaseClass: NativeClass:/Script/Engine.StaticMeshActor Name:StaticMeshActor_UAID_244BFE5C2532218E01_1128736924 Label:CardboardBox_LP2 SpatiallyLoaded:1 Bounds:IsValid=true, Min=(X=1499.185 Y=1513.013 Z=1.107), Max=(X=1594.618 Y=1599.377 Z=78.010) RuntimeGrid:None EditorOnly:0 RuntimeOnly:0 HLODRelevant:0
 |   |   |- Guid:A354B1B24E617A525DC6B48CCDE2417E BaseClass: NativeClass:/Script/Engine.PlayerStart Name:PlayerStart_0 Label:PlayerStart SpatiallyLoaded:0 Bounds:IsValid=true, Min=(X=860.000 Y=810.000 Z=0.013), Max=(X=940.000 Y=890.000 Z=184.013) RuntimeGrid:None EditorOnly:0 RuntimeOnly:0 HLODRelevant:0
 |   |   |- Guid:A417AC5445D28264280193844248F7B9 BaseClass: NativeClass:/Script/Engine.StaticMeshActor Name:StaticMeshActor_UAID_244BFE5C2532258E01_1204029633 Label:CardboardBox_LP13 SpatiallyLoaded:1 Bounds:IsValid=true, Min=(X=611.469 Y=1544.637 Z=2.993), Max=(X=677.769 Y=1617.512 Z=51.799) RuntimeGrid:None EditorOnly:0 RuntimeOnly:0 HLODRelevant:0
 |   |   |- Guid:B7B7C0AD447E4B5F2281E2B6B4349828 BaseClass: NativeClass:/Script/Engine.StaticMeshActor Name:StaticMeshActor_UAID_B42E9937A9F36B8F01_1294580012 Label:SM_TCTea5_Stacked4 SpatiallyLoaded:1 Bounds:IsValid=true, Min=(X=1226.745 Y=959.089 Z=32.577), Max=(X=1328.619 Y=1011.355 Z=62.577) RuntimeGrid:None EditorOnly:0 RuntimeOnly:0 HLODRelevant:1 Parent:1F8B85F342F2186B5AD2298A73A88890
 |   |   |- Guid:C0C56B9644AE3D40CAFF6A878DB29844 BaseClass: NativeClass:/Script/Engine.StaticMeshActor Name:StaticMeshActor_UAID_A4AE111137DC5EFB00_2001720423 Label:SM_SkySphere SpatiallyLoaded:0 Bounds:IsValid=true, Min=(X=-1638400.000 Y=-1638400.000 Z=-1638400.000), Max=(X=1638400.000 Y=1638400.000 Z=1638400.000) RuntimeGrid:None EditorOnly:0 RuntimeOnly:0 HLODRelevant:1 FolderPath:Lighting FolderGuid:0BA5F0A04EADB18E70D5B180D08FA34B
 |   |   |- Guid:C22CE07C4B87D685137FDBBC10FC92C6 BaseClass: NativeClass:/Script/Engine.SkyAtmosphere Name:SkyAtmosphere_0 Label:SkyAtmosphere SpatiallyLoaded:0 Bounds:IsValid=true, Min=(X=0.000 Y=0.000 Z=1020.000), Max=(X=0.000 Y=0.000 Z=1020.000) RuntimeGrid:None EditorOnly:0 RuntimeOnly:0 HLODRelevant:0 FolderPath:Lighting FolderGuid:0BA5F0A04EADB18E70D5B180D08FA34B
 |   |   |- Guid:CE8D82634660FCDB3120E2B8D547C533 BaseClass: NativeClass:/Script/Engine.PostProcessVolume Name:PostProcessVolume_0 Label:PostProcessVolume SpatiallyLoaded:0 Bounds:IsValid=true, Min=(X=0.000 Y=0.000 Z=400.000), Max=(X=200.000 Y=200.000 Z=600.000) RuntimeGrid:None EditorOnly:0 RuntimeOnly:0 HLODRelevant:0 FolderPath:Lighting FolderGuid:0BA5F0A04EADB18E70D5B180D08FA34B
 |   |   |- Guid:D0394938415ADF53B238458CC576AF46 BaseClass:/Game/Blueprints/Actors/DeliveryBoxes.DeliveryBoxes_C NativeClass:/Script/Engine.Actor Name:DeliveryBoxes_C_UAID_B42E9937A9F3398F01_1215730201 Label:DeliveryBoxes2 SpatiallyLoaded:1 Bounds:IsValid=true, Min=(X=1970.749 Y=829.905 Z=113.314), Max=(X=2031.860 Y=905.461 Z=152.203) RuntimeGrid:None EditorOnly:0 RuntimeOnly:0 HLODRelevant:0
 |   |   |- Guid:D65CE26D4543AB64D3E1CE82A79B39D9 BaseClass: NativeClass:/Script/Engine.StaticMeshActor Name:StaticMeshActor_45 Label:SM_ChamferCube11 SpatiallyLoaded:1 Bounds:IsValid=true, Min=(X=292.430 Y=3129.921 Z=0.013), Max=(X=433.313 Y=3270.804 Z=100.013) RuntimeGrid:None EditorOnly:0 RuntimeOnly:0 HLODRelevant:0 FolderPath:SimulatedCubes FolderGuid:9AEEADCB4DC6C647D6E7C0B4EDA1744F
 |   |   |- Guid:D802C60A40F742649F1672AE1A847D40 BaseClass: NativeClass:/Script/Engine.StaticMeshActor Name:StaticMeshActor_UAID_244BFE5C2532218E01_1099449923 Label:CardboardBox_LP SpatiallyLoaded:1 Bounds:IsValid=true, Min=(X=1393.987 Y=1508.064 Z=-1.064), Max=(X=1487.842 Y=1604.325 Z=47.742) RuntimeGrid:None EditorOnly:0 RuntimeOnly:0 HLODRelevant:1
 |   |   |- Guid:E0100F064855011F9063958F3F8BE9E9 BaseClass: NativeClass:/Script/Engine.StaticMeshActor Name:StaticMeshActor_UAID_244BFE5C2532258E01_1199443631 Label:CardboardBox_LP11 SpatiallyLoaded:1 Bounds:IsValid=true, Min=(X=912.335 Y=1674.363 Z=-1.064), Max=(X=978.635 Y=1747.238 Z=47.742) RuntimeGrid:None EditorOnly:0 RuntimeOnly:0 HLODRelevant:1
 |   |   |- Guid:E073CD5D477424D82C0739AECFF1A1CA BaseClass: NativeClass:/Script/Engine.SkeletalMeshActor Name:SkeletalMeshActor_UAID_244BFE5C2532398C01_1335609035 Label:hero5 SpatiallyLoaded:1 Bounds:IsValid=true, Min=(X=1075.334 Y=198.258 Z=8.722), Max=(X=1150.392 Y=275.053 Z=200.860) RuntimeGrid:None EditorOnly:0 RuntimeOnly:0 HLODRelevant:0
 |   |   |- Guid:E3868D7D44B0D47025AA2482B705E4C4 BaseClass: NativeClass:/Script/Engine.StaticMeshActor Name:StaticMeshActor_UAID_B42E9937A9F3698F01_1923000657 Label:SM_TCTea5_Stacked3 SpatiallyLoaded:1 Bounds:IsValid=true, Min=(X=1042.736 Y=941.429 Z=140.612), Max=(X=1144.610 Y=993.695 Z=170.612) RuntimeGrid:None EditorOnly:0 RuntimeOnly:0 HLODRelevant:1 Parent:E8E9F9C1446DB17389768FA415D4C860
 |   |   |- Guid:E5320C1B4FD9764CE7B54D8487AEC613 BaseClass: NativeClass:/Script/Engine.SkyLight Name:SkyLight_0 Label:SkyLight SpatiallyLoaded:0 Bounds:IsValid=true, Min=(X=0.000 Y=0.000 Z=690.000), Max=(X=0.000 Y=0.000 Z=690.000) RuntimeGrid:None EditorOnly:0 RuntimeOnly:0 HLODRelevant:0 FolderPath:Lighting FolderGuid:0BA5F0A04EADB18E70D5B180D08FA34B
 |   |   |- Guid:E8E18CEF46892EB4A2C523BF90D7480B BaseClass: NativeClass:/Script/Engine.SkeletalMeshActor Name:SkeletalMeshActor_UAID_244BFE5C2532398C01_1325653033 Label:hero3 SpatiallyLoaded:1 Bounds:IsValid=true, Min=(X=935.334 Y=198.258 Z=8.722), Max=(X=1010.392 Y=275.053 Z=200.860) RuntimeGrid:None EditorOnly:0 RuntimeOnly:0 HLODRelevant:0
 |   |   |- Guid:E8E9F9C1446DB17389768FA415D4C860 BaseClass: NativeClass:/Script/Engine.StaticMeshActor Name:StaticMeshActor_UAID_B42E9937A9F3698F01_1875738652 Label:shelf4and_hafl SpatiallyLoaded:1 Bounds:IsValid=true, Min=(X=1030.793 Y=924.434 Z=-0.016), Max=(X=1159.670 Y=1023.086 Z=208.276) RuntimeGrid:None EditorOnly:0 RuntimeOnly:0 HLODRelevant:1
 |   |   |- Guid:EAC60D154C9E3600CC073AB24140FC8C BaseClass: NativeClass:/Script/Engine.StaticMeshActor Name:StaticMeshActor_UAID_B42E9937A9F3698F01_1920750656 Label:SM_TCTea5_Stacked2 SpatiallyLoaded:1 Bounds:IsValid=true, Min=(X=1041.531 Y=956.547 Z=86.369), Max=(X=1143.405 Y=1008.814 Z=116.369) RuntimeGrid:None EditorOnly:0 RuntimeOnly:0 HLODRelevant:1 Parent:E8E9F9C1446DB17389768FA415D4C860
 |   |   |- Guid:EB260A4343402177EF2FA8AA9CCA795D BaseClass: NativeClass:/Script/Engine.StaticMeshActor Name:StaticMeshActor_14 Label:SM_Ramp3 SpatiallyLoaded:1 Bounds:IsValid=true, Min=(X=2345.000 Y=600.000 Z=100.000), Max=(X=2545.000 Y=1000.000 Z=200.000) RuntimeGrid:None EditorOnly:0 RuntimeOnly:0 HLODRelevant:1 FolderPath:Block01 FolderGuid:5710F1034B6DC7FBD588718E283EB93C
 |   |   |- Guid:F600424D45C3281F36B2C0B2532850F9 BaseClass: NativeClass:/Script/Engine.StaticMeshActor Name:StaticMeshActor_UAID_244BFE5C2532258E01_1167029627 Label:CardboardBox_LP7 SpatiallyLoaded:1 Bounds:IsValid=true, Min=(X=1192.840 Y=1528.007 Z=-1.064), Max=(X=1259.140 Y=1600.882 Z=47.742) RuntimeGrid:None EditorOnly:0 RuntimeOnly:0 HLODRelevant:1
 |   |   |- Guid:F80621C9446867154938FE81375207DA BaseClass: NativeClass:/Script/Engine.DirectionalLight Name:DirectionalLight_1 Label:DirectionalLight SpatiallyLoaded:0 Bounds:IsValid=true, Min=(X=-1048576.000 Y=-1048576.000 Z=-1048576.000), Max=(X=1048576.000 Y=1048576.000 Z=1048576.000) RuntimeGrid:None EditorOnly:0 RuntimeOnly:0 HLODRelevant:0 FolderPath:Lighting FolderGuid:0BA5F0A04EADB18E70D5B180D08FA34B
 |   |   |- Guid:F81E77E849955422C876DFA4D7B1E4DC BaseClass: NativeClass:/Script/Engine.StaticMeshActor Name:StaticMeshActor_UAID_244BFE5C2532258E01_1161640624 Label:CardboardBox_LP4 SpatiallyLoaded:1 Bounds:IsValid=true, Min=(X=1386.871 Y=1649.840 Z=-1.064), Max=(X=1453.171 Y=1722.715 Z=47.742) RuntimeGrid:None EditorOnly:0 RuntimeOnly:0 HLODRelevant:1
 |   |- [+] Clusters:
 |   |   |- [+] [  0]
 |   |   |   |- Guid:540E8C5E4191C186DAFA39989A42F977 BaseClass: NativeClass:/Script/Engine.StaticMeshActor Name:StaticMeshActor_13 Label:SM_Cube9 SpatiallyLoaded:1 Bounds:IsValid=true, Min=(X=2345.000 Y=400.000 Z=0.000), Max=(X=2545.000 Y=1100.000 Z=100.000) RuntimeGrid:None EditorOnly:0 RuntimeOnly:0 HLODRelevant:1 FolderPath:Block01 FolderGuid:5710F1034B6DC7FBD588718E283EB93C
 |   |   |- [+] [  1]
 |   |   |   |- Guid:4C3BDC944EA056B9CF5553B1814E2EF7 BaseClass: NativeClass:/Script/Engine.StaticMeshActor Name:StaticMeshActor_UAID_244BFE5C2532258E01_1287792634 Label:hero_-_fat SpatiallyLoaded:1 Bounds:IsValid=true, Min=(X=1390.980 Y=471.879 Z=0.067), Max=(X=1485.899 Y=507.361 Z=191.019) RuntimeGrid:None EditorOnly:0 RuntimeOnly:0 HLODRelevant:1
 |   |   |- [+] [  2]
 |   |   |   |- Guid:61391D344900612A77DFC3BA3E354907 BaseClass: NativeClass:/Script/Engine.ExponentialHeightFog Name:ExponentialHeightFog_0 Label:ExponentialHeightFog SpatiallyLoaded:0 Bounds:IsValid=true, Min=(X=-5600.000 Y=-50.000 Z=-6850.000), Max=(X=-5600.000 Y=-50.000 Z=-6850.000) RuntimeGrid:None EditorOnly:0 RuntimeOnly:0 HLODRelevant:0 FolderPath:Lighting FolderGuid:0BA5F0A04EADB18E70D5B180D08FA34B
 |   |   |- [+] [  3]
 |   |   |   |- Guid:5FE7584649BB6F09265329A6C57CFD0D BaseClass: NativeClass:/Script/Engine.VolumetricCloud Name:VolumetricCloud_0 Label:VolumetricCloud SpatiallyLoaded:0 Bounds:IsValid=true, Min=(X=0.000 Y=0.000 Z=820.000), Max=(X=0.000 Y=0.000 Z=820.000) RuntimeGrid:None EditorOnly:0 RuntimeOnly:0 HLODRelevant:0 FolderPath:Lighting FolderGuid:0BA5F0A04EADB18E70D5B180D08FA34B
 |   |   |- [+] [  4]
 |   |   |   |- Guid:D65CE26D4543AB64D3E1CE82A79B39D9 BaseClass: NativeClass:/Script/Engine.StaticMeshActor Name:StaticMeshActor_45 Label:SM_ChamferCube11 SpatiallyLoaded:1 Bounds:IsValid=true, Min=(X=292.430 Y=3129.921 Z=0.013), Max=(X=433.313 Y=3270.804 Z=100.013) RuntimeGrid:None EditorOnly:0 RuntimeOnly:0 HLODRelevant:0 FolderPath:SimulatedCubes FolderGuid:9AEEADCB4DC6C647D6E7C0B4EDA1744F
 |   |   |- [+] [  5]
 |   |   |   |- Guid:F80621C9446867154938FE81375207DA BaseClass: NativeClass:/Script/Engine.DirectionalLight Name:DirectionalLight_1 Label:DirectionalLight SpatiallyLoaded:0 Bounds:IsValid=true, Min=(X=-1048576.000 Y=-1048576.000 Z=-1048576.000), Max=(X=1048576.000 Y=1048576.000 Z=1048576.000) RuntimeGrid:None EditorOnly:0 RuntimeOnly:0 HLODRelevant:0 FolderPath:Lighting FolderGuid:0BA5F0A04EADB18E70D5B180D08FA34B
 |   |   |- [+] [  6]
 |   |   |   |- Guid:30CAB5E942F0354CEAF1E084A0D0D848 BaseClass: NativeClass:/Script/Engine.StaticMeshActor Name:StaticMeshActor_UAID_244BFE5C2532258E01_1158078623 Label:CardboardBox_LP3 SpatiallyLoaded:1 Bounds:IsValid=true, Min=(X=1293.550 Y=1519.757 Z=-1.064), Max=(X=1359.850 Y=1592.632 Z=47.742) RuntimeGrid:None EditorOnly:0 RuntimeOnly:0 HLODRelevant:1
 |   |   |- [+] [  7]
 |   |   |   |- Guid:8E9EA0F84D0FC901D6ABCF911C08AEE3 BaseClass: NativeClass:/Script/Engine.StaticMeshActor Name:StaticMeshActor_50 Label:SM_ChamferCube15 SpatiallyLoaded:1 Bounds:IsValid=true, Min=(X=2480.411 Y=2187.371 Z=0.013), Max=(X=2580.411 Y=2287.371 Z=100.013) RuntimeGrid:None EditorOnly:0 RuntimeOnly:0 HLODRelevant:0 FolderPath:SimulatedCubes FolderGuid:9AEEADCB4DC6C647D6E7C0B4EDA1744F
 |   |   |- [+] [  8]
 |   |   |   |- Guid:8790ADB94CD3D5B533203095DFC8AF56 BaseClass: NativeClass:/Script/Engine.StaticMeshActor Name:StaticMeshActor_UAID_244BFE5C2532398C01_1450277037 Label:WOMAN_128_FINAL SpatiallyLoaded:1 Bounds:IsValid=true, Min=(X=1212.857 Y=219.918 Z=0.013), Max=(X=1312.947 Y=252.274 Z=177.611) RuntimeGrid:None EditorOnly:0 RuntimeOnly:0 HLODRelevant:1
 |   |   |- [+] [  9]
 |   |   |   |- Guid:21262252453B37957EF29F82ABA2413B BaseClass: NativeClass:/Script/Engine.TextRenderActor Name:TextRenderActor_1 Label:TextRenderActor SpatiallyLoaded:1 Bounds:IsValid=true, Min=(X=-0.100 Y=1100.000 Z=65.013), Max=(X=-0.100 Y=1803.846 Z=215.013) RuntimeGrid:None EditorOnly:0 RuntimeOnly:0 HLODRelevant:0
 |   |   |- [+] [ 10]
 |   |   |   |- Guid:1572FA1F4C1C56AF391789895B2B1DE3 BaseClass: NativeClass:/Script/Engine.StaticMeshActor Name:StaticMeshActor_UAID_244BFE5C2532258E01_1193417629 Label:CardboardBox_LP9 SpatiallyLoaded:1 Bounds:IsValid=true, Min=(X=1002.214 Y=1544.637 Z=-1.064), Max=(X=1068.514 Y=1617.512 Z=47.742) RuntimeGrid:None EditorOnly:0 RuntimeOnly:0 HLODRelevant:1
 |   |   |- [+] [ 11]
 |   |   |   |- Guid:71D706D643A02F65E30994AE2EAD631E BaseClass: NativeClass:/Script/Engine.SkeletalMeshActor Name:SkeletalMeshActor_UAID_244BFE5C2532398C01_1304297031 Label:hero SpatiallyLoaded:1 Bounds:IsValid=true, Min=(X=795.510 Y=198.258 Z=8.722), Max=(X=870.569 Y=275.053 Z=200.860) RuntimeGrid:None EditorOnly:0 RuntimeOnly:0 HLODRelevant:0
 |   |   |- [+] [ 12]
 |   |   |   |- Guid:547DF23D46FF6B2E29115B9C403A7044 BaseClass: NativeClass:/Script/Engine.SkeletalMeshActor Name:SkeletalMeshActor_UAID_244BFE5C2532398C01_1323383032 Label:hero2 SpatiallyLoaded:1 Bounds:IsValid=true, Min=(X=865.334 Y=198.258 Z=8.722), Max=(X=940.392 Y=275.053 Z=200.860) RuntimeGrid:None EditorOnly:0 RuntimeOnly:0 HLODRelevant:0
 |   |   |- [+] [ 13]
 |   |   |   |- Guid:5F5F61E8485626C2E11444A275E53585 BaseClass: NativeClass:/Script/Engine.StaticMeshActor Name:StaticMeshActor_6 Label:SM_Ramp2 SpatiallyLoaded:1 Bounds:IsValid=true, Min=(X=1945.000 Y=400.000 Z=0.000), Max=(X=2345.000 Y=600.000 Z=100.000) RuntimeGrid:None EditorOnly:0 RuntimeOnly:0 HLODRelevant:1 FolderPath:Block01 FolderGuid:5710F1034B6DC7FBD588718E283EB93C
 |   |   |- [+] [ 14]
 |   |   |   |- Guid:8ECF31004E6CEF8D0E2704A1B5C4E2CE BaseClass:/Game/Blueprints/Actors/SpawnBoxes.SpawnBoxes_C NativeClass:/Script/Engine.Actor Name:SpawnBoxes_C_UAID_B42E9937A9F36C8F01_1937270191 Label:SpawnBoxes SpatiallyLoaded:1 Bounds:IsValid=true, Min=(X=1708.743 Y=1372.408 Z=255.562), Max=(X=1708.743 Y=1372.408 Z=255.562) RuntimeGrid:None EditorOnly:0 RuntimeOnly:0 HLODRelevant:0
 |   |   |- [+] [ 15]
 |   |   |   |- Guid:54561ABF48281D0901CC9398F0A7D613 BaseClass: NativeClass:/Script/Engine.StaticMeshActor Name:StaticMeshActor_UAID_244BFE5C2532258E01_1164058625 Label:CardboardBox_LP5 SpatiallyLoaded:1 Bounds:IsValid=true, Min=(X=1237.284 Y=1654.300 Z=-1.064), Max=(X=1303.584 Y=1727.175 Z=47.742) RuntimeGrid:None EditorOnly:0 RuntimeOnly:0 HLODRelevant:1
 |   |   |- [+] [ 16]
 |   |   |   |- Guid:EB260A4343402177EF2FA8AA9CCA795D BaseClass: NativeClass:/Script/Engine.StaticMeshActor Name:StaticMeshActor_14 Label:SM_Ramp3 SpatiallyLoaded:1 Bounds:IsValid=true, Min=(X=2345.000 Y=600.000 Z=100.000), Max=(X=2545.000 Y=1000.000 Z=200.000) RuntimeGrid:None EditorOnly:0 RuntimeOnly:0 HLODRelevant:1 FolderPath:Block01 FolderGuid:5710F1034B6DC7FBD588718E283EB93C
 |   |   |- [+] [ 17]
 |   |   |   |- Guid:3265B59F49B0CA42B321689218768376 BaseClass: NativeClass:/Script/Engine.StaticMeshActor Name:StaticMeshActor_UAID_244BFE5C2532258E01_1194696630 Label:CardboardBox_LP10 SpatiallyLoaded:1 Bounds:IsValid=true, Min=(X=912.335 Y=1544.637 Z=-1.064), Max=(X=978.635 Y=1617.512 Z=47.742) RuntimeGrid:None EditorOnly:0 RuntimeOnly:0 HLODRelevant:1
 |   |   |- [+] [ 18]
 |   |   |   |- Guid:91C63FB14CD98AB7B8FBF4873FDE4B43 BaseClass: NativeClass:/Script/Engine.StaticMeshActor Name:StaticMeshActor_42 Label:SM_Ramp5 SpatiallyLoaded:1 Bounds:IsValid=true, Min=(X=1800.000 Y=1900.000 Z=0.000), Max=(X=2900.000 Y=2000.000 Z=200.000) RuntimeGrid:None EditorOnly:0 RuntimeOnly:0 HLODRelevant:1 FolderPath:Block02 FolderGuid:275232DB4A90E8B2799B29BD69C59B9E
 |   |   |- [+] [ 19]
 |   |   |   |- Guid:3CA98522454AD7C715DFEEAD0AF16BB4 BaseClass: NativeClass:/Script/Engine.StaticMeshActor Name:StaticMeshActor_UAID_244BFE5C2532398C01_1521163039 Label:WOMAN_128_FINAL3 SpatiallyLoaded:1 Bounds:IsValid=true, Min=(X=1352.857 Y=219.918 Z=0.013), Max=(X=1452.947 Y=252.274 Z=177.611) RuntimeGrid:None EditorOnly:0 RuntimeOnly:0 HLODRelevant:1
 |   |   |- [+] [ 20]
 |   |   |   |- Guid:D802C60A40F742649F1672AE1A847D40 BaseClass: NativeClass:/Script/Engine.StaticMeshActor Name:StaticMeshActor_UAID_244BFE5C2532218E01_1099449923 Label:CardboardBox_LP SpatiallyLoaded:1 Bounds:IsValid=true, Min=(X=1393.987 Y=1508.064 Z=-1.064), Max=(X=1487.842 Y=1604.325 Z=47.742) RuntimeGrid:None EditorOnly:0 RuntimeOnly:0 HLODRelevant:1
 |   |   |- [+] [ 21]
 |   |   |   |- Guid:4E7B03D240C8095A98E5708F41E1DDD8 BaseClass: NativeClass:/Script/Engine.StaticMeshActor Name:StaticMeshActor_15 Label:SM_Cube10 SpatiallyLoaded:1 Bounds:IsValid=true, Min=(X=2345.000 Y=1000.000 Z=100.000), Max=(X=2545.000 Y=1100.000 Z=200.000) RuntimeGrid:None EditorOnly:0 RuntimeOnly:0 HLODRelevant:1 FolderPath:Block01 FolderGuid:5710F1034B6DC7FBD588718E283EB93C
 |   |   |- [+] [ 22]
 |   |   |   |- Guid:9657542848AE91946E0E5FAC89996DDC BaseClass: NativeClass:/Script/Engine.StaticMeshActor Name:StaticMeshActor_UAID_244BFE5C2532398C01_1526895040 Label:WOMAN_128_FINAL4 SpatiallyLoaded:1 Bounds:IsValid=true, Min=(X=1502.866 Y=219.918 Z=0.013), Max=(X=1602.955 Y=252.274 Z=177.611) RuntimeGrid:None EditorOnly:0 RuntimeOnly:0 HLODRelevant:1
 |   |   |- [+] [ 23]
 |   |   |   |- Guid:603B05414DF534FBA22C8DA07D223A25 BaseClass: NativeClass:/Script/Engine.StaticMeshActor Name:StaticMeshActor_UAID_244BFE5C25321D8E01_1413510216 Label:WOMAN_128_FINAL5 SpatiallyLoaded:1 Bounds:IsValid=true, Min=(X=1424.382 Y=219.997 Z=0.013), Max=(X=1524.471 Y=252.354 Z=177.611) RuntimeGrid:None EditorOnly:0 RuntimeOnly:0 HLODRelevant:1
 |   |   |- [+] [ 24]
 |   |   |   |- Guid:A417AC5445D28264280193844248F7B9 BaseClass: NativeClass:/Script/Engine.StaticMeshActor Name:StaticMeshActor_UAID_244BFE5C2532258E01_1204029633 Label:CardboardBox_LP13 SpatiallyLoaded:1 Bounds:IsValid=true, Min=(X=611.469 Y=1544.637 Z=2.993), Max=(X=677.769 Y=1617.512 Z=51.799) RuntimeGrid:None EditorOnly:0 RuntimeOnly:0 HLODRelevant:0
 |   |   |- [+] [ 25]
 |   |   |   |- Guid:706DAEFA488837B72DCEB99BD42ACE50 BaseClass: NativeClass:/Script/Engine.StaticMeshActor Name:StaticMeshActor_UAID_244BFE5C2532258E01_1201576632 Label:CardboardBox_LP12 SpatiallyLoaded:1 Bounds:IsValid=true, Min=(X=989.289 Y=1649.173 Z=-1.064), Max=(X=1055.589 Y=1722.048 Z=47.742) RuntimeGrid:None EditorOnly:0 RuntimeOnly:0 HLODRelevant:1
 |   |   |- [+] [ 26]
 |   |   |   |- Guid:30910F3643F326F8C4F983A1BA532DB4 BaseClass: NativeClass:/Script/Engine.SkeletalMeshActor Name:SkeletalMeshActor_UAID_244BFE5C25323B8C01_1349299400 Label:Walking_With_Shopping_Bag_1_ SpatiallyLoaded:1 Bounds:IsValid=true, Min=(X=923.162 Y=535.682 Z=7.657), Max=(X=1015.014 Y=605.930 Z=176.534) RuntimeGrid:None EditorOnly:0 RuntimeOnly:0 HLODRelevant:0
 |   |   |- [+] [ 27]
 |   |   |   |- Guid:E5320C1B4FD9764CE7B54D8487AEC613 BaseClass: NativeClass:/Script/Engine.SkyLight Name:SkyLight_0 Label:SkyLight SpatiallyLoaded:0 Bounds:IsValid=true, Min=(X=0.000 Y=0.000 Z=690.000), Max=(X=0.000 Y=0.000 Z=690.000) RuntimeGrid:None EditorOnly:0 RuntimeOnly:0 HLODRelevant:0 FolderPath:Lighting FolderGuid:0BA5F0A04EADB18E70D5B180D08FA34B
 |   |   |- [+] [ 28]
 |   |   |   |- Guid:17DA96C24FEA0E2790004CAFB496C450 BaseClass: NativeClass:/Script/Engine.StaticMeshActor Name:StaticMeshActor_UAID_244BFE5C2532258E01_1165511626 Label:CardboardBox_LP6 SpatiallyLoaded:1 Bounds:IsValid=true, Min=(X=1119.531 Y=1649.840 Z=-1.064), Max=(X=1185.831 Y=1722.715 Z=47.742) RuntimeGrid:None EditorOnly:0 RuntimeOnly:0 HLODRelevant:1
 |   |   |- [+] [ 29]
 |   |   |   |- Guid:50D8B6AC41E07FEFB2645B90E80AE4F3 BaseClass:/Game/Blueprints/Actors/DeliveryBoxes.DeliveryBoxes_C NativeClass:/Script/Engine.Actor Name:DeliveryBoxes_C_UAID_B42E9937A9F3358F01_2037448496 Label:DeliveryBoxes SpatiallyLoaded:1 Bounds:IsValid=true, Min=(X=1970.749 Y=700.183 Z=113.314), Max=(X=2031.860 Y=775.738 Z=152.203) RuntimeGrid:None EditorOnly:0 RuntimeOnly:0 HLODRelevant:0
 |   |   |- [+] [ 30]
 |   |   |   |- Guid:E0100F064855011F9063958F3F8BE9E9 BaseClass: NativeClass:/Script/Engine.StaticMeshActor Name:StaticMeshActor_UAID_244BFE5C2532258E01_1199443631 Label:CardboardBox_LP11 SpatiallyLoaded:1 Bounds:IsValid=true, Min=(X=912.335 Y=1674.363 Z=-1.064), Max=(X=978.635 Y=1747.238 Z=47.742) RuntimeGrid:None EditorOnly:0 RuntimeOnly:0 HLODRelevant:1
 |   |   |- [+] [ 31]
 |   |   |   |- Guid:78CAF7514C7533F30BD2F19A017AAB65 BaseClass: NativeClass:/Script/Engine.StaticMeshActor Name:StaticMeshActor_0 Label:SM_Cube SpatiallyLoaded:1 Bounds:IsValid=true, Min=(X=0.176 Y=0.000 Z=-50.000), Max=(X=3000.176 Y=3500.000 Z=0.000) RuntimeGrid:None EditorOnly:0 RuntimeOnly:0 HLODRelevant:1 FolderPath:Playground FolderGuid:6C02BB504B69D1F3D7A624B130C18E5B
 |   |   |- [+] [ 32]
 |   |   |   |- Guid:83933E654776E064C8718FBACC04B4E3 BaseClass: NativeClass:/Script/Engine.SkeletalMeshActor Name:SkeletalMeshActor_UAID_244BFE5C2532398C01_1333062034 Label:hero4 SpatiallyLoaded:1 Bounds:IsValid=true, Min=(X=1249.086 Y=447.129 Z=8.722), Max=(X=1324.144 Y=523.923 Z=200.860) RuntimeGrid:None EditorOnly:0 RuntimeOnly:0 HLODRelevant:0
 |   |   |- [+] [ 33]
 |   |   |   |- Guid:573177074D0ADB4DA9A357AE2A5CADA8 BaseClass: NativeClass:/Script/Engine.StaticMeshActor Name:StaticMeshActor_49 Label:SM_ChamferCube14 SpatiallyLoaded:1 Bounds:IsValid=true, Min=(X=2480.411 Y=2302.371 Z=0.013), Max=(X=2580.411 Y=2402.371 Z=100.013) RuntimeGrid:None EditorOnly:0 RuntimeOnly:0 HLODRelevant:0 FolderPath:SimulatedCubes FolderGuid:9AEEADCB4DC6C647D6E7C0B4EDA1744F
 |   |   |- [+] [ 34]
 |   |   |   |- Guid:9708908D4BA2B90E646996A755AA24F3 BaseClass: NativeClass:/Script/Engine.SkeletalMeshActor Name:SkeletalMeshActor_UAID_244BFE5C25323B8C01_1499034401 Label:Walking_With_Shopping_Bag_2_ SpatiallyLoaded:1 Bounds:IsValid=true, Min=(X=1021.278 Y=521.534 Z=6.990), Max=(X=1097.739 Y=599.089 Z=199.069) RuntimeGrid:None EditorOnly:0 RuntimeOnly:0 HLODRelevant:0
 |   |   |- [+] [ 35]
 |   |   |   |- Guid:E073CD5D477424D82C0739AECFF1A1CA BaseClass: NativeClass:/Script/Engine.SkeletalMeshActor Name:SkeletalMeshActor_UAID_244BFE5C2532398C01_1335609035 Label:hero5 SpatiallyLoaded:1 Bounds:IsValid=true, Min=(X=1075.334 Y=198.258 Z=8.722), Max=(X=1150.392 Y=275.053 Z=200.860) RuntimeGrid:None EditorOnly:0 RuntimeOnly:0 HLODRelevant:0
 |   |   |- [+] [ 36]
 |   |   |   |- Guid:E3868D7D44B0D47025AA2482B705E4C4 BaseClass: NativeClass:/Script/Engine.StaticMeshActor Name:StaticMeshActor_UAID_B42E9937A9F3698F01_1923000657 Label:SM_TCTea5_Stacked3 SpatiallyLoaded:1 Bounds:IsValid=true, Min=(X=1042.736 Y=941.429 Z=140.612), Max=(X=1144.610 Y=993.695 Z=170.612) RuntimeGrid:None EditorOnly:0 RuntimeOnly:0 HLODRelevant:1 Parent:E8E9F9C1446DB17389768FA415D4C860
 |   |   |   |- Guid:84E7F18E420C02E18435CF8C95B08A35 BaseClass: NativeClass:/Script/Engine.StaticMeshActor Name:StaticMeshActor_UAID_B42E9937A9F3698F01_1918845655 Label:SM_TCTea5_Stacked SpatiallyLoaded:1 Bounds:IsValid=true, Min=(X=1041.524 Y=959.089 Z=32.577), Max=(X=1143.398 Y=1011.355 Z=62.577) RuntimeGrid:None EditorOnly:0 RuntimeOnly:0 HLODRelevant:1 Parent:E8E9F9C1446DB17389768FA415D4C860
 |   |   |   |- Guid:EAC60D154C9E3600CC073AB24140FC8C BaseClass: NativeClass:/Script/Engine.StaticMeshActor Name:StaticMeshActor_UAID_B42E9937A9F3698F01_1920750656 Label:SM_TCTea5_Stacked2 SpatiallyLoaded:1 Bounds:IsValid=true, Min=(X=1041.531 Y=956.547 Z=86.369), Max=(X=1143.405 Y=1008.814 Z=116.369) RuntimeGrid:None EditorOnly:0 RuntimeOnly:0 HLODRelevant:1 Parent:E8E9F9C1446DB17389768FA415D4C860
 |   |   |   |- Guid:E8E9F9C1446DB17389768FA415D4C860 BaseClass: NativeClass:/Script/Engine.StaticMeshActor Name:StaticMeshActor_UAID_B42E9937A9F3698F01_1875738652 Label:shelf4and_hafl SpatiallyLoaded:1 Bounds:IsValid=true, Min=(X=1030.793 Y=924.434 Z=-0.016), Max=(X=1159.670 Y=1023.086 Z=208.276) RuntimeGrid:None EditorOnly:0 RuntimeOnly:0 HLODRelevant:1
 |   |   |- [+] [ 37]
 |   |   |   |- Guid:D0394938415ADF53B238458CC576AF46 BaseClass:/Game/Blueprints/Actors/DeliveryBoxes.DeliveryBoxes_C NativeClass:/Script/Engine.Actor Name:DeliveryBoxes_C_UAID_B42E9937A9F3398F01_1215730201 Label:DeliveryBoxes2 SpatiallyLoaded:1 Bounds:IsValid=true, Min=(X=1970.749 Y=829.905 Z=113.314), Max=(X=2031.860 Y=905.461 Z=152.203) RuntimeGrid:None EditorOnly:0 RuntimeOnly:0 HLODRelevant:0
 |   |   |- [+] [ 38]
 |   |   |   |- Guid:764666EF4316C7851F06859A678454F2 BaseClass: NativeClass:/Script/Engine.StaticMeshActor Name:StaticMeshActor_46 Label:SM_ChamferCube12 SpatiallyLoaded:1 Bounds:IsValid=true, Min=(X=204.335 Y=3056.000 Z=0.013), Max=(X=345.218 Y=3196.884 Z=100.013) RuntimeGrid:None EditorOnly:0 RuntimeOnly:0 HLODRelevant:0 FolderPath:SimulatedCubes FolderGuid:9AEEADCB4DC6C647D6E7C0B4EDA1744F
 |   |   |- [+] [ 39]
 |   |   |   |- Guid:A354B1B24E617A525DC6B48CCDE2417E BaseClass: NativeClass:/Script/Engine.PlayerStart Name:PlayerStart_0 Label:PlayerStart SpatiallyLoaded:0 Bounds:IsValid=true, Min=(X=860.000 Y=810.000 Z=0.013), Max=(X=940.000 Y=890.000 Z=184.013) RuntimeGrid:None EditorOnly:0 RuntimeOnly:0 HLODRelevant:0
 |   |   |- [+] [ 40]
 |   |   |   |- Guid:2519BB6242F283A68B76378661BC27AE BaseClass: NativeClass:/Script/Engine.StaticMeshActor Name:StaticMeshActor_UAID_B42E9937A9F32A8F01_1554449559 Label:SM_Door SpatiallyLoaded:1 Bounds:IsValid=true, Min=(X=1542.841 Y=2562.933 Z=0.000), Max=(X=1632.757 Y=2568.763 Z=225.075) RuntimeGrid:None EditorOnly:0 RuntimeOnly:0 HLODRelevant:1
 |   |   |- [+] [ 41]
 |   |   |   |- Guid:E8E18CEF46892EB4A2C523BF90D7480B BaseClass: NativeClass:/Script/Engine.SkeletalMeshActor Name:SkeletalMeshActor_UAID_244BFE5C2532398C01_1325653033 Label:hero3 SpatiallyLoaded:1 Bounds:IsValid=true, Min=(X=935.334 Y=198.258 Z=8.722), Max=(X=1010.392 Y=275.053 Z=200.860) RuntimeGrid:None EditorOnly:0 RuntimeOnly:0 HLODRelevant:0
 |   |   |- [+] [ 42]
 |   |   |   |- Guid:9935CB074C16C64AF447FB86D8337B66 BaseClass: NativeClass:/Script/Engine.StaticMeshActor Name:StaticMeshActor_UAID_244BFE5C2532218E01_1128736924 Label:CardboardBox_LP2 SpatiallyLoaded:1 Bounds:IsValid=true, Min=(X=1499.185 Y=1513.013 Z=1.107), Max=(X=1594.618 Y=1599.377 Z=78.010) RuntimeGrid:None EditorOnly:0 RuntimeOnly:0 HLODRelevant:0
 |   |   |- [+] [ 43]
 |   |   |   |- Guid:2C326E854BE437F5F50565B7E0B05BA6 BaseClass:/Game/Blueprints/Actors/DeliveryBoxes.DeliveryBoxes_C NativeClass:/Script/Engine.Actor Name:DeliveryBoxes_C_UAID_B42E9937A9F3398F01_1217746203 Label:DeliveryBoxes4 SpatiallyLoaded:1 Bounds:IsValid=true, Min=(X=1970.749 Y=1103.633 Z=113.314), Max=(X=2031.860 Y=1179.188 Z=152.203) RuntimeGrid:None EditorOnly:0 RuntimeOnly:0 HLODRelevant:0
 |   |   |- [+] [ 44]
 |   |   |   |- Guid:70FF19BA411C81139B6730BBD2785ADE BaseClass:/Game/Blueprints/Actors/SpawnItems.SpawnItems_C NativeClass:/Script/Engine.Actor Name:SpawnItems_C_UAID_B42E9937A9F3CC8F01_1746825080 Label:SpawnItems SpatiallyLoaded:1 Bounds:IsValid=true, Min=(X=388.878 Y=897.457 Z=148.419), Max=(X=388.878 Y=897.457 Z=148.419) RuntimeGrid:None EditorOnly:0 RuntimeOnly:0 HLODRelevant:0 Parent:5B8911284D8A83037E7034B53731DEC0
 |   |   |   |- Guid:6A311463478DFEAEADD61D81C2E83467 BaseClass:/Game/Blueprints/Actors/CollectionBoxBlueprint.CollectionBoxBlueprint_C NativeClass:/Script/Engine.TriggerBox Name:CollectionBoxBlueprint_C_UAID_B42E9937A9F3D28F01_1994208138 Label:CollectionBoxBlueprint SpatiallyLoaded:1 Bounds:IsValid=true, Min=(X=365.977 Y=1020.445 Z=93.465), Max=(X=461.721 Y=1073.968 Z=146.914) RuntimeGrid:None EditorOnly:0 RuntimeOnly:0 HLODRelevant:0 Parent:38B52F9F428E19C15C78F4ABB5628F25
 |   |   |   |- Guid:5B8911284D8A83037E7034B53731DEC0 BaseClass:/Game/Blueprints/Actors/MousePawn.MousePawn_C NativeClass:/Script/Engine.Pawn Name:CameraActor_UAID_B42E9937A9F3C98F01_1889108544 Label:MousePawn SpatiallyLoaded:1 Bounds:IsValid=true, Min=(X=442.854 Y=965.625 Z=209.813), Max=(X=442.854 Y=965.625 Z=209.813) RuntimeGrid:None EditorOnly:0 RuntimeOnly:0 HLODRelevant:0 Parent:38B52F9F428E19C15C78F4ABB5628F25
 |   |   |   |- Guid:2D194FCC47866AE8F5FA168F099DFCF4 BaseClass:/Game/Blueprints/Actors/ScannerBoxBlueprint.ScannerBoxBlueprint_C NativeClass:/Script/Engine.TriggerBox Name:TriggerBox_UAID_B42E9937A9F3D18F01_1553560961 Label:ScannerBoxBlueprint SpatiallyLoaded:1 Bounds:IsValid=true, Min=(X=364.734 Y=974.218 Z=101.616), Max=(X=416.825 Y=1011.424 Z=121.077) RuntimeGrid:None EditorOnly:0 RuntimeOnly:0 HLODRelevant:0 Parent:38B52F9F428E19C15C78F4ABB5628F25
 |   |   |   |- Guid:38B52F9F428E19C15C78F4ABB5628F25 BaseClass: NativeClass:/Script/Engine.StaticMeshActor Name:StaticMeshActor_UAID_B42E9937A9F3C98F01_1705995543 Label:SM_CheckoutCounter_01 SpatiallyLoaded:1 Bounds:IsValid=true, Min=(X=343.598 Y=856.058 Z=-0.000), Max=(X=471.051 Y=1086.682 Z=234.657) RuntimeGrid:None EditorOnly:0 RuntimeOnly:0 HLODRelevant:1
 |   |   |- [+] [ 45]
 |   |   |   |- Guid:14F19EDD4A624457527914859B26C00B BaseClass:/Game/Blueprints/Actors/DeliveryBoxes.DeliveryBoxes_C NativeClass:/Script/Engine.Actor Name:DeliveryBoxes_C_UAID_B42E9937A9F3398F01_1216670202 Label:DeliveryBoxes3 SpatiallyLoaded:1 Bounds:IsValid=true, Min=(X=1970.749 Y=970.392 Z=113.314), Max=(X=2031.860 Y=1045.948 Z=152.203) RuntimeGrid:None EditorOnly:0 RuntimeOnly:0 HLODRelevant:0
 |   |   |- [+] [ 46]
 |   |   |   |- Guid:C22CE07C4B87D685137FDBBC10FC92C6 BaseClass: NativeClass:/Script/Engine.SkyAtmosphere Name:SkyAtmosphere_0 Label:SkyAtmosphere SpatiallyLoaded:0 Bounds:IsValid=true, Min=(X=0.000 Y=0.000 Z=1020.000), Max=(X=0.000 Y=0.000 Z=1020.000) RuntimeGrid:None EditorOnly:0 RuntimeOnly:0 HLODRelevant:0 FolderPath:Lighting FolderGuid:0BA5F0A04EADB18E70D5B180D08FA34B
 |   |   |- [+] [ 47]
 |   |   |   |- Guid:C0C56B9644AE3D40CAFF6A878DB29844 BaseClass: NativeClass:/Script/Engine.StaticMeshActor Name:StaticMeshActor_UAID_A4AE111137DC5EFB00_2001720423 Label:SM_SkySphere SpatiallyLoaded:0 Bounds:IsValid=true, Min=(X=-1638400.000 Y=-1638400.000 Z=-1638400.000), Max=(X=1638400.000 Y=1638400.000 Z=1638400.000) RuntimeGrid:None EditorOnly:0 RuntimeOnly:0 HLODRelevant:1 FolderPath:Lighting FolderGuid:0BA5F0A04EADB18E70D5B180D08FA34B
 |   |   |- [+] [ 48]
 |   |   |   |- Guid:6FEFB3BD4EB37B849EF0D4AC80F83855 BaseClass: NativeClass:/Script/Engine.WorldDataLayers Name:WorldDataLayers Label:WorldDataLayers SpatiallyLoaded:0 Bounds:IsValid=true, Min=(X=0.000 Y=0.000 Z=0.000), Max=(X=0.000 Y=0.000 Z=0.000) RuntimeGrid:None EditorOnly:0 RuntimeOnly:0 HLODRelevant:0
 |   |   |- [+] [ 49]
 |   |   |   |- Guid:B7B7C0AD447E4B5F2281E2B6B4349828 BaseClass: NativeClass:/Script/Engine.StaticMeshActor Name:StaticMeshActor_UAID_B42E9937A9F36B8F01_1294580012 Label:SM_TCTea5_Stacked4 SpatiallyLoaded:1 Bounds:IsValid=true, Min=(X=1226.745 Y=959.089 Z=32.577), Max=(X=1328.619 Y=1011.355 Z=62.577) RuntimeGrid:None EditorOnly:0 RuntimeOnly:0 HLODRelevant:1 Parent:1F8B85F342F2186B5AD2298A73A88890
 |   |   |   |- Guid:4720E31944CB2A40B95D8F83775C8556 BaseClass: NativeClass:/Script/Engine.StaticMeshActor Name:StaticMeshActor_UAID_B42E9937A9F36B8F01_1294581013 Label:SM_TCTea5_Stacked5 SpatiallyLoaded:1 Bounds:IsValid=true, Min=(X=1226.752 Y=956.547 Z=86.369), Max=(X=1328.626 Y=1008.814 Z=116.369) RuntimeGrid:None EditorOnly:0 RuntimeOnly:0 HLODRelevant:1 Parent:1F8B85F342F2186B5AD2298A73A88890
 |   |   |   |- Guid:61DDC7854821C1E234CEC391CEB3BFDF BaseClass: NativeClass:/Script/Engine.StaticMeshActor Name:StaticMeshActor_UAID_B42E9937A9F36B8F01_1294581014 Label:SM_TCTea5_Stacked6 SpatiallyLoaded:1 Bounds:IsValid=true, Min=(X=1227.957 Y=941.429 Z=140.612), Max=(X=1329.831 Y=993.695 Z=170.612) RuntimeGrid:None EditorOnly:0 RuntimeOnly:0 HLODRelevant:1 Parent:1F8B85F342F2186B5AD2298A73A88890
 |   |   |   |- Guid:1F8B85F342F2186B5AD2298A73A88890 BaseClass: NativeClass:/Script/Engine.StaticMeshActor Name:StaticMeshActor_UAID_B42E9937A9F36B8F01_1294578011 Label:shelf4and_hafl2 SpatiallyLoaded:1 Bounds:IsValid=true, Min=(X=1216.014 Y=924.434 Z=-0.016), Max=(X=1344.891 Y=1023.086 Z=208.276) RuntimeGrid:None EditorOnly:0 RuntimeOnly:0 HLODRelevant:1
 |   |   |- [+] [ 50]
 |   |   |   |- Guid:259BB09F42514F7247054AB2A759D0E1 BaseClass: NativeClass:/Script/Engine.SkeletalMeshActor Name:SkeletalMeshActor_UAID_244BFE5C25321C8E01_1732367039 Label:hero7 SpatiallyLoaded:1 Bounds:IsValid=true, Min=(X=724.449 Y=198.258 Z=8.722), Max=(X=799.507 Y=275.053 Z=200.860) RuntimeGrid:None EditorOnly:0 RuntimeOnly:0 HLODRelevant:0
 |   |   |- [+] [ 51]
 |   |   |   |- Guid:3E89511F4034FEEDB3578C9378FAA091 BaseClass: NativeClass:/Script/Engine.StaticMeshActor Name:StaticMeshActor_UAID_244BFE5C2532258E01_1189321628 Label:CardboardBox_LP8 SpatiallyLoaded:1 Bounds:IsValid=true, Min=(X=1096.448 Y=1544.637 Z=-1.064), Max=(X=1162.748 Y=1617.512 Z=47.742) RuntimeGrid:None EditorOnly:0 RuntimeOnly:0 HLODRelevant:1
 |   |   |- [+] [ 52]
 |   |   |   |- Guid:484536784851989F88377B98C86E9731 BaseClass: NativeClass:/Script/Engine.SkeletalMeshActor Name:SkeletalMeshActor_UAID_244BFE5C2532398C01_1351050036 Label:hero6 SpatiallyLoaded:1 Bounds:IsValid=true, Min=(X=1145.334 Y=198.258 Z=8.722), Max=(X=1220.392 Y=275.053 Z=200.860) RuntimeGrid:None EditorOnly:0 RuntimeOnly:0 HLODRelevant:0
 |   |   |- [+] [ 53]
 |   |   |   |- Guid:F600424D45C3281F36B2C0B2532850F9 BaseClass: NativeClass:/Script/Engine.StaticMeshActor Name:StaticMeshActor_UAID_244BFE5C2532258E01_1167029627 Label:CardboardBox_LP7 SpatiallyLoaded:1 Bounds:IsValid=true, Min=(X=1192.840 Y=1528.007 Z=-1.064), Max=(X=1259.140 Y=1600.882 Z=47.742) RuntimeGrid:None EditorOnly:0 RuntimeOnly:0 HLODRelevant:1
 |   |   |- [+] [ 54]
 |   |   |   |- Guid:CE8D82634660FCDB3120E2B8D547C533 BaseClass: NativeClass:/Script/Engine.PostProcessVolume Name:PostProcessVolume_0 Label:PostProcessVolume SpatiallyLoaded:0 Bounds:IsValid=true, Min=(X=0.000 Y=0.000 Z=400.000), Max=(X=200.000 Y=200.000 Z=600.000) RuntimeGrid:None EditorOnly:0 RuntimeOnly:0 HLODRelevant:0 FolderPath:Lighting FolderGuid:0BA5F0A04EADB18E70D5B180D08FA34B
 |   |   |- [+] [ 55]
 |   |   |   |- Guid:F81E77E849955422C876DFA4D7B1E4DC BaseClass: NativeClass:/Script/Engine.StaticMeshActor Name:StaticMeshActor_UAID_244BFE5C2532258E01_1161640624 Label:CardboardBox_LP4 SpatiallyLoaded:1 Bounds:IsValid=true, Min=(X=1386.871 Y=1649.840 Z=-1.064), Max=(X=1453.171 Y=1722.715 Z=47.742) RuntimeGrid:None EditorOnly:0 RuntimeOnly:0 HLODRelevant:1
 |   |   |- [+] [ 56]
 |   |   |   |- Guid:981AA27C4EE53F3D4400FBB1AF5EB251 BaseClass: NativeClass:/Script/Engine.StaticMeshActor Name:StaticMeshActor_UAID_244BFE5C2532398C01_1517842038 Label:WOMAN_128_FINAL2 SpatiallyLoaded:1 Bounds:IsValid=true, Min=(X=1282.857 Y=219.918 Z=0.013), Max=(X=1382.947 Y=252.274 Z=177.611) RuntimeGrid:None EditorOnly:0 RuntimeOnly:0 HLODRelevant:1
 |- ContainerInstances:
 |- [+] MainContainer:
 |   |-        ID: 0x0000000000000000
 |   |-    Bounds: IsValid=false, Min=(X=0.000 Y=0.000 Z=0.000), Max=(X=0.000 Y=0.000 Z=0.000)
 |   |- Transform: 0.000000,0.000000,0.000000|0.000000,0.000000,-0.000000|1.000000,1.000000,1.000000
 |   |- Container: /Game/FirstPerson/Maps/FirstPersonMap
----------------------------------------------------------------------------------------------------------------
FirstPersonMap - Persistent Level
----------------------------------------------------------------------------------------------------------------
Always loaded Actor Count: 75 

----------------------------------------------------------------------------------------------------------------
FirstPersonMap - Runtime Spatial Hash - Streaming Grid - MainGrid
----------------------------------------------------------------------------------------------------------------
            Origin: X=0.000 Y=0.000 Z=0.000
         Cell Size: 12800
      World Bounds: IsValid=false, Min=(X=0.000 Y=0.000 Z=0.000), Max=(X=0.000 Y=0.000 Z=0.000)
     Loading Range: 25600.00
Block Slow Loading: No
 ClientOnlyVisible: No

[+] Grid Levels: 1
 |- Level  0: Cell Count    0 | Cell Size   12800 | Actor Count    0 (0.0%)

[+] Content of Grid Level 0

